<?xml version="1.0" encoding="UTF-8"?>
<testsuites name="jest tests" tests="1" failures="0" errors="0" time="3.725">
  <testsuite name="BillingController" errors="0" failures="0" skipped="0" timestamp="2024-06-21T00:56:30" time="3.641" tests="1">
    <testcase classname="BillingController root should return the expected contracts and unitys" name="BillingController root should return the expected contracts and unitys" time="0.047">
    </testcase>
  </testsuite>
</testsuites>